app/build/intermediates/manifest_merge_blame_file/debug/manifest-merger-blame-debug-report.txt
1<?xml version="1.0" encoding="utf-8"?>
2<manifest xmlns:android="http://schemas.android.com/apk/res/android"
3    package="com.google.mlkit.vision.demo"
4    android:installLocation="auto"
5    android:versionCode="11"
6    android:versionName="1.11" >
7    <!--
8 CameraX libraries require minSdkVersion 21, while this quickstart app
9    supports low to 16. Needs to use overrideLibrary to make the merger tool
10    ignore this conflict and import the libraries while keeping the app's lower
11    minSdkVersion value. In code, will check SDK version, before calling CameraX
12    APIs.
13    -->
14    <uses-sdk
14-->src/main/AndroidManifest.xml:13:5-16:63
15        android:minSdkVersion="16"
15-->src/main/AndroidManifest.xml:13:5-16:63
16        android:targetSdkVersion="29" />
16-->src/main/AndroidManifest.xml:13:5-16:63
17
18    <uses-feature android:name="android.hardware.camera" />
18-->src/main/AndroidManifest.xml:18:5-59
18-->src/main/AndroidManifest.xml:18:19-57
19
20    <uses-permission android:name="android.permission.INTERNET" />
20-->src/main/AndroidManifest.xml:20:5-66
20-->src/main/AndroidManifest.xml:20:22-64
21    <uses-permission android:name="android.permission.WRITE_EXTERNAL_STORAGE" />
21-->src/main/AndroidManifest.xml:21:5-80
21-->src/main/AndroidManifest.xml:21:22-78
22    <uses-permission android:name="android.permission.READ_EXTERNAL_STORAGE" />
22-->src/main/AndroidManifest.xml:22:5-79
22-->src/main/AndroidManifest.xml:22:22-77
23    <uses-permission android:name="android.permission.CAMERA" />
23-->src/main/AndroidManifest.xml:23:5-64
23-->src/main/AndroidManifest.xml:23:22-62
24
25    <application
25-->src/main/AndroidManifest.xml:25:5-101:19
26        android:name="androidx.multidex.MultiDexApplication"
26-->src/main/AndroidManifest.xml:26:9-61
27        android:appComponentFactory="androidx.core.app.CoreComponentFactory"
27-->[androidx.core:core:1.3.0] AndroidManifest.xml:24:18-86
28        android:debuggable="true"
29        android:icon="@drawable/logo_mlkit"
29-->src/main/AndroidManifest.xml:27:9-44
30        android:label="@string/app_name"
30-->src/main/AndroidManifest.xml:28:9-41
31        android:testOnly="true"
32        android:theme="@style/Theme.AppCompat" >
32-->src/main/AndroidManifest.xml:29:9-47
33        <meta-data
33-->src/main/AndroidManifest.xml:31:9-33:68
34            android:name="com.google.android.gms.version"
34-->src/main/AndroidManifest.xml:32:13-58
35            android:value="@integer/google_play_services_version" />
35-->src/main/AndroidManifest.xml:33:13-66
36
37        <!--
38          Optional: Add it to automatically download ML model to device after
39          your app is installed.
40        -->
41        <meta-data
41-->src/main/AndroidManifest.xml:37:9-39:51
42            android:name="com.google.mlkit.vision.DEPENDENCIES"
42-->src/main/AndroidManifest.xml:38:13-64
43            android:value="barcode,face,ocr,ica" />
43-->src/main/AndroidManifest.xml:39:13-49
44
45        <activity
45-->src/main/AndroidManifest.xml:41:9-49:20
46            android:name="com.google.mlkit.vision.demo.EntryChoiceActivity"
46-->src/main/AndroidManifest.xml:42:13-48
47            android:exported="true"
47-->src/main/AndroidManifest.xml:43:13-36
48            android:theme="@style/AppTheme" >
48-->src/main/AndroidManifest.xml:44:13-44
49            <intent-filter>
49-->src/main/AndroidManifest.xml:45:13-48:29
50                <action android:name="android.intent.action.MAIN" />
50-->src/main/AndroidManifest.xml:46:17-68
50-->src/main/AndroidManifest.xml:46:25-66
51
52                <category android:name="android.intent.category.LAUNCHER" />
52-->src/main/AndroidManifest.xml:47:17-76
52-->src/main/AndroidManifest.xml:47:27-74
53            </intent-filter>
54        </activity>
55        <activity
55-->src/main/AndroidManifest.xml:51:9-54:20
56            android:name="com.google.mlkit.vision.demo.java.ChooserActivity"
56-->src/main/AndroidManifest.xml:52:13-49
57            android:exported="true" >
57-->src/main/AndroidManifest.xml:53:13-36
58        </activity>
59        <activity
59-->src/main/AndroidManifest.xml:56:9-60:20
60            android:name="com.google.mlkit.vision.demo.java.LivePreviewActivity"
60-->src/main/AndroidManifest.xml:57:13-53
61            android:exported="true"
61-->src/main/AndroidManifest.xml:58:13-36
62            android:theme="@style/AppTheme" >
62-->src/main/AndroidManifest.xml:59:13-44
63        </activity>
64        <activity
64-->src/main/AndroidManifest.xml:62:9-66:20
65            android:name="com.google.mlkit.vision.demo.java.CameraXLivePreviewActivity"
65-->src/main/AndroidManifest.xml:63:13-60
66            android:exported="true"
66-->src/main/AndroidManifest.xml:64:13-36
67            android:theme="@style/AppTheme" >
67-->src/main/AndroidManifest.xml:65:13-44
68        </activity>
69        <activity
69-->src/main/AndroidManifest.xml:68:9-72:20
70            android:name="com.google.mlkit.vision.demo.java.StillImageActivity"
70-->src/main/AndroidManifest.xml:69:13-52
71            android:exported="true"
71-->src/main/AndroidManifest.xml:70:13-36
72            android:theme="@style/AppTheme" >
72-->src/main/AndroidManifest.xml:71:13-44
73        </activity>
74        <activity
74-->src/main/AndroidManifest.xml:74:9-77:20
75            android:name="com.google.mlkit.vision.demo.kotlin.ChooserActivity"
75-->src/main/AndroidManifest.xml:75:13-51
76            android:exported="true" >
76-->src/main/AndroidManifest.xml:76:13-36
77        </activity>
78        <activity
78-->src/main/AndroidManifest.xml:79:9-83:20
79            android:name="com.google.mlkit.vision.demo.kotlin.LivePreviewActivity"
79-->src/main/AndroidManifest.xml:80:13-55
80            android:exported="true"
80-->src/main/AndroidManifest.xml:81:13-36
81            android:theme="@style/AppTheme" >
81-->src/main/AndroidManifest.xml:82:13-44
82        </activity>
83        <activity
83-->src/main/AndroidManifest.xml:85:9-89:20
84            android:name="com.google.mlkit.vision.demo.kotlin.CameraXLivePreviewActivity"
84-->src/main/AndroidManifest.xml:86:13-62
85            android:exported="true"
85-->src/main/AndroidManifest.xml:87:13-36
86            android:theme="@style/AppTheme" >
86-->src/main/AndroidManifest.xml:88:13-44
87        </activity>
88        <activity
88-->src/main/AndroidManifest.xml:91:9-95:20
89            android:name="com.google.mlkit.vision.demo.kotlin.StillImageActivity"
89-->src/main/AndroidManifest.xml:92:13-54
90            android:exported="true"
90-->src/main/AndroidManifest.xml:93:13-36
91            android:theme="@style/AppTheme" >
91-->src/main/AndroidManifest.xml:94:13-44
92        </activity>
93        <activity
93-->src/main/AndroidManifest.xml:97:9-99:39
94            android:name="com.google.mlkit.vision.demo.preference.SettingsActivity"
94-->src/main/AndroidManifest.xml:98:13-56
95            android:exported="false" />
95-->src/main/AndroidManifest.xml:99:13-37
96
97        <service
97-->[com.google.mlkit:object-detection:16.2.1] AndroidManifest.xml:8:9-14:19
98            android:name="com.google.mlkit.common.internal.MlKitComponentDiscoveryService"
98-->[com.google.mlkit:object-detection:16.2.1] AndroidManifest.xml:9:13-91
99            android:directBootAware="true"
99-->[com.google.mlkit:common:17.0.0] AndroidManifest.xml:17:13-43
100            android:exported="false" >
100-->[com.google.mlkit:object-detection:16.2.1] AndroidManifest.xml:10:13-37
101            <meta-data
101-->[com.google.mlkit:object-detection:16.2.1] AndroidManifest.xml:11:13-13:85
102                android:name="com.google.firebase.components:com.google.mlkit.vision.objects.defaults.internal.DefaultObjectsRegistrar"
102-->[com.google.mlkit:object-detection:16.2.1] AndroidManifest.xml:12:17-136
103                android:value="com.google.firebase.components.ComponentRegistrar" />
103-->[com.google.mlkit:object-detection:16.2.1] AndroidManifest.xml:13:17-82
104            <meta-data
104-->[com.google.mlkit:object-detection-custom:16.2.1] AndroidManifest.xml:11:13-13:85
105                android:name="com.google.firebase.components:com.google.mlkit.vision.objects.custom.internal.CustomObjectsRegistrar"
105-->[com.google.mlkit:object-detection-custom:16.2.1] AndroidManifest.xml:12:17-133
106                android:value="com.google.firebase.components.ComponentRegistrar" />
106-->[com.google.mlkit:object-detection-custom:16.2.1] AndroidManifest.xml:13:17-82
107            <meta-data
107-->[com.google.android.gms:play-services-mlkit-text-recognition:16.1.1] AndroidManifest.xml:12:13-14:85
108                android:name="com.google.firebase.components:com.google.mlkit.vision.text.internal.TextRegistrar"
108-->[com.google.android.gms:play-services-mlkit-text-recognition:16.1.1] AndroidManifest.xml:13:17-114
109                android:value="com.google.firebase.components.ComponentRegistrar" />
109-->[com.google.android.gms:play-services-mlkit-text-recognition:16.1.1] AndroidManifest.xml:14:17-82
110            <meta-data
110-->[com.google.mlkit:image-labeling-automl:16.2.1] AndroidManifest.xml:11:13-13:85
111                android:name="com.google.firebase.components:com.google.mlkit.vision.label.automl.internal.AutoMLLabelRegistrar"
111-->[com.google.mlkit:image-labeling-automl:16.2.1] AndroidManifest.xml:12:17-129
112                android:value="com.google.firebase.components.ComponentRegistrar" />
112-->[com.google.mlkit:image-labeling-automl:16.2.1] AndroidManifest.xml:13:17-82
113            <meta-data
113-->[com.google.mlkit:image-labeling:17.0.0] AndroidManifest.xml:11:13-13:85
114                android:name="com.google.firebase.components:com.google.mlkit.vision.label.defaults.internal.BundledLabelRegistrar"
114-->[com.google.mlkit:image-labeling:17.0.0] AndroidManifest.xml:12:17-132
115                android:value="com.google.firebase.components.ComponentRegistrar" />
115-->[com.google.mlkit:image-labeling:17.0.0] AndroidManifest.xml:13:17-82
116            <meta-data
116-->[com.google.mlkit:image-labeling-custom:16.2.1] AndroidManifest.xml:11:13-13:85
117                android:name="com.google.firebase.components:com.google.mlkit.vision.label.custom.internal.CustomLabelRegistrar"
117-->[com.google.mlkit:image-labeling-custom:16.2.1] AndroidManifest.xml:12:17-129
118                android:value="com.google.firebase.components.ComponentRegistrar" />
118-->[com.google.mlkit:image-labeling-custom:16.2.1] AndroidManifest.xml:13:17-82
119            <meta-data
119-->[com.google.android.gms:play-services-mlkit-barcode-scanning:16.1.2] AndroidManifest.xml:12:13-14:85
120                android:name="com.google.firebase.components:com.google.mlkit.vision.barcode.internal.BarcodeRegistrar"
120-->[com.google.android.gms:play-services-mlkit-barcode-scanning:16.1.2] AndroidManifest.xml:13:17-120
121                android:value="com.google.firebase.components.ComponentRegistrar" />
121-->[com.google.android.gms:play-services-mlkit-barcode-scanning:16.1.2] AndroidManifest.xml:14:17-82
122            <meta-data
122-->[com.google.android.gms:play-services-mlkit-face-detection:16.1.1] AndroidManifest.xml:12:13-14:85
123                android:name="com.google.firebase.components:com.google.mlkit.vision.face.internal.FaceRegistrar"
123-->[com.google.android.gms:play-services-mlkit-face-detection:16.1.1] AndroidManifest.xml:13:17-114
124                android:value="com.google.firebase.components.ComponentRegistrar" />
124-->[com.google.android.gms:play-services-mlkit-face-detection:16.1.1] AndroidManifest.xml:14:17-82
125            <meta-data
125-->[com.google.mlkit:vision-internal-vkp:17.0.1] AndroidManifest.xml:11:13-13:85
126                android:name="com.google.firebase.components:com.google.mlkit.vision.vkp.VkpRegistrar"
126-->[com.google.mlkit:vision-internal-vkp:17.0.1] AndroidManifest.xml:12:17-103
127                android:value="com.google.firebase.components.ComponentRegistrar" />
127-->[com.google.mlkit:vision-internal-vkp:17.0.1] AndroidManifest.xml:13:17-82
128            <meta-data
128-->[com.google.mlkit:pose-detection-common:17.0.0] AndroidManifest.xml:11:13-13:85
129                android:name="com.google.firebase.components:com.google.mlkit.vision.pose.internal.PoseRegistrar"
129-->[com.google.mlkit:pose-detection-common:17.0.0] AndroidManifest.xml:12:17-114
130                android:value="com.google.firebase.components.ComponentRegistrar" />
130-->[com.google.mlkit:pose-detection-common:17.0.0] AndroidManifest.xml:13:17-82
131            <meta-data
131-->[com.google.mlkit:vision-common:16.1.0] AndroidManifest.xml:12:13-14:85
132                android:name="com.google.firebase.components:com.google.mlkit.vision.common.internal.VisionCommonRegistrar"
132-->[com.google.mlkit:vision-common:16.1.0] AndroidManifest.xml:13:17-124
133                android:value="com.google.firebase.components.ComponentRegistrar" />
133-->[com.google.mlkit:vision-common:16.1.0] AndroidManifest.xml:14:17-82
134            <meta-data
134-->[com.google.mlkit:common:17.0.0] AndroidManifest.xml:20:13-22:85
135                android:name="com.google.firebase.components:com.google.mlkit.common.internal.CommonComponentRegistrar"
135-->[com.google.mlkit:common:17.0.0] AndroidManifest.xml:21:17-120
136                android:value="com.google.firebase.components.ComponentRegistrar" />
136-->[com.google.mlkit:common:17.0.0] AndroidManifest.xml:22:17-82
137        </service>
138
139        <provider
139-->[com.google.mlkit:common:17.0.0] AndroidManifest.xml:9:9-13:38
140            android:name="com.google.mlkit.common.internal.MlKitInitProvider"
140-->[com.google.mlkit:common:17.0.0] AndroidManifest.xml:10:13-78
141            android:authorities="com.google.mlkit.vision.demo.mlkitinitprovider"
141-->[com.google.mlkit:common:17.0.0] AndroidManifest.xml:11:13-69
142            android:exported="false"
142-->[com.google.mlkit:common:17.0.0] AndroidManifest.xml:12:13-37
143            android:initOrder="99" />
143-->[com.google.mlkit:common:17.0.0] AndroidManifest.xml:13:13-35
144
145        <activity
145-->[com.google.android.gms:play-services-base:17.0.0] AndroidManifest.xml:23:9-26:75
146            android:name="com.google.android.gms.common.api.GoogleApiActivity"
146-->[com.google.android.gms:play-services-base:17.0.0] AndroidManifest.xml:24:13-79
147            android:exported="false"
147-->[com.google.android.gms:play-services-base:17.0.0] AndroidManifest.xml:25:13-37
148            android:theme="@android:style/Theme.Translucent.NoTitleBar" />
148-->[com.google.android.gms:play-services-base:17.0.0] AndroidManifest.xml:26:13-72
149
150        <provider
150-->[androidx.lifecycle:lifecycle-process:2.1.0] AndroidManifest.xml:23:9-27:43
151            android:name="androidx.lifecycle.ProcessLifecycleOwnerInitializer"
151-->[androidx.lifecycle:lifecycle-process:2.1.0] AndroidManifest.xml:24:13-79
152            android:authorities="com.google.mlkit.vision.demo.lifecycle-process"
152-->[androidx.lifecycle:lifecycle-process:2.1.0] AndroidManifest.xml:25:13-69
153            android:exported="false"
153-->[androidx.lifecycle:lifecycle-process:2.1.0] AndroidManifest.xml:26:13-37
154            android:multiprocess="true" />
154-->[androidx.lifecycle:lifecycle-process:2.1.0] AndroidManifest.xml:27:13-40
155    </application>
156
157</manifest>